<?xml version="1.0" encoding="UTF-8"?>
<!-- Generated by org.testng.reporters.JUnitXMLReporter -->
<testsuite hostname="DESKTOP-0HME11L" ignored="0" name="Test" tests="6" failures="0" timestamp="2020-07-13T23:50:39 BST" time="103.941" errors="0">
  <testcase name="barclaysBank" time="8.638" classname="BankingWebsites.Firefox.Barclays"/>
  <testcase name="hsbcBank" time="8.77" classname="BankingWebsites.Firefox.HSBC"/>
  <testcase name="lloydsBank" time="7.144" classname="BankingWebsites.Firefox.LloydsBank"/>
  <testcase name="santanderBank" time="6.472" classname="BankingWebsites.Firefox.Santander"/>
  <testcase name="citiBank" time="22.249" classname="BankingWebsites.Firefox.CitiBank"/>
  <testcase name="tescoBank" time="9.559" classname="BankingWebsites.Firefox.TescoBank"/>
</testsuite> <!-- Test -->
